#
# There is insufficient memory for the Java Runtime Environment to continue.
# Native memory allocation (malloc) failed to allocate 610736 bytes for Chunk::new
# Possible reasons:
#   The system is out of physical RAM or swap space
#   In 32 bit mode, the process size limit was hit
# Possible solutions:
#   Reduce memory load on the system
#   Increase physical memory or swap space
#   Check if swap backing store is full
#   Use 64 bit Java on a 64 bit OS
#   Decrease Java heap size (-Xmx/-Xms)
#   Decrease number of Java threads
#   Decrease Java thread stack sizes (-Xss)
#   Set larger code cache with -XX:ReservedCodeCacheSize=
# This output file may be truncated or incomplete.
#
#  Out of Memory Error (allocation.cpp:390), pid=9548, tid=0x00000000000026ec
#
# JRE version: OpenJDK Runtime Environment (8.0_152-b01) (build 1.8.0_152-release-915-b01)
# Java VM: OpenJDK 64-Bit Server VM (25.152-b01 mixed mode windows-amd64 compressed oops)
# Failed to write core dump. Minidumps are not enabled by default on client versions of Windows
#

---------------  T H R E A D  ---------------

Current thread (0x0000000056568000):  JavaThread "C2 CompilerThread0" daemon [_thread_in_native, id=9964, stack(0x0000000057c50000,0x0000000057d50000)]

Stack: [0x0000000057c50000,0x0000000057d50000]
[error occurred during error reporting (printing stack bounds), id 0xc0000005]

Native frames: (J=compiled Java code, j=interpreted, Vv=VM code, C=native code)


Current CompileTask:
C2:9380315 25935       4       com.google.common.collect.SparseImmutableTable::<init> (519 bytes)


---------------  P R O C E S S  ---------------

Java Threads: ( => current thread )
  0x000000005c6f2800 JavaThread "stdout" daemon [_thread_in_native, id=15972, stack(0x000000006a8d0000,0x000000006a9d0000)]
  0x000000005c6ef800 JavaThread "stderr" daemon [_thread_in_native, id=16032, stack(0x000000006a720000,0x000000006a820000)]
  0x000000005c6eb000 JavaThread "stdout" daemon [_thread_in_native, id=13340, stack(0x00000000688f0000,0x00000000689f0000)]
  0x000000005c6f0800 JavaThread "stderr" daemon [_thread_in_native, id=17232, stack(0x000000006a450000,0x000000006a550000)]
  0x000000005c6f6800 JavaThread "stdout" daemon [_thread_in_native, id=16652, stack(0x00000000691e0000,0x00000000692e0000)]
  0x000000005c6f1000 JavaThread "stderr" daemon [_thread_in_native, id=16660, stack(0x0000000068160000,0x0000000068260000)]
  0x000000005f556800 JavaThread "stdout" daemon [_thread_in_native, id=17052, stack(0x000000006a300000,0x000000006a400000)]
  0x000000005f551000 JavaThread "stderr" daemon [_thread_in_native, id=17088, stack(0x0000000068a00000,0x0000000068b00000)]
  0x000000005f553800 JavaThread "queued-resource-processor_56" daemon [_thread_blocked, id=16856, stack(0x0000000067dc0000,0x0000000067ec0000)]
  0x000000005f554000 JavaThread "queued-resource-processor_55" daemon [_thread_blocked, id=17104, stack(0x00000000677e0000,0x00000000678e0000)]
  0x000000005f552800 JavaThread "queued-resource-processor_54" daemon [_thread_blocked, id=16404, stack(0x0000000067650000,0x0000000067750000)]
  0x000000005f550800 JavaThread "queued-resource-processor_53" daemon [_thread_blocked, id=15264, stack(0x00000000672e0000,0x00000000673e0000)]
  0x000000005f7ae000 JavaThread "Task worker for ':' Thread 3" [_thread_blocked, id=16968, stack(0x00000000667c0000,0x00000000668c0000)]
  0x000000005f7ac800 JavaThread "Task worker for ':' Thread 2" [_thread_blocked, id=6500, stack(0x0000000065c50000,0x0000000065d50000)]
  0x000000005f7af800 JavaThread "Task worker for ':'" [_thread_in_native, id=17356, stack(0x0000000066640000,0x0000000066740000)]
  0x000000005f7ab800 JavaThread "Cache worker for task history cache (C:\Users\MotyhA\AndroidStudioProjects\HomeworkTwo\.gradle\4.1\taskHistory)" [_thread_blocked, id=17360, stack(0x0000000061f30000,0x0000000062030000)]
  0x000000005f7aa000 JavaThread "Cache worker for file content cache (C:\Users\MotyhA\AndroidStudioProjects\HomeworkTwo\.gradle\4.1\fileContent)" [_thread_blocked, id=17040, stack(0x000000005d8b0000,0x000000005d9b0000)]
  0x0000000064cb9000 JavaThread "build operations Thread 4" [_thread_blocked, id=15488, stack(0x00000000664e0000,0x00000000665e0000)]
  0x0000000064cb7800 JavaThread "build operations Thread 3" [_thread_blocked, id=14636, stack(0x00000000663d0000,0x00000000664d0000)]
  0x0000000064cbc000 JavaThread "build operations Thread 2" [_thread_blocked, id=16592, stack(0x00000000662d0000,0x00000000663d0000)]
  0x0000000064cbb000 JavaThread "build operations" [_thread_blocked, id=14824, stack(0x0000000061070000,0x0000000061170000)]
  0x0000000064cb6800 JavaThread "RMI TCP Connection(idle)" daemon [_thread_blocked, id=17276, stack(0x0000000064710000,0x0000000064810000)]
  0x0000000064cb9800 JavaThread "Cache worker for Artifact transforms cache (C:\Users\MotyhA\.gradle\caches\transforms-1)" [_thread_blocked, id=16424, stack(0x00000000614c0000,0x00000000615c0000)]
  0x0000000064cba800 JavaThread "Cache worker for file hash cache (C:\Users\MotyhA\AndroidStudioProjects\HomeworkTwo\.gradle\4.1\fileHashes)" [_thread_blocked, id=16396, stack(0x000000005eac0000,0x000000005ebc0000)]
  0x0000000064cbc800 JavaThread "Stdin handler" [_thread_blocked, id=16392, stack(0x000000005c390000,0x000000005c490000)]
  0x000000005a7ac800 JavaThread "Asynchronous log dispatcher for DefaultDaemonConnection: socket connection from /127.0.0.1:49800 to /127.0.0.1:51964" [_thread_blocked, id=15852, stack(0x000000005bd20000,0x000000005be20000)]
  0x000000005a7a9800 JavaThread "Daemon worker Thread 14" [_thread_blocked, id=17012, stack(0x000000005b810000,0x000000005b910000)]
  0x000000005a7aa800 JavaThread "Cancel handler" [_thread_blocked, id=16576, stack(0x0000000058ee0000,0x0000000058fe0000)]
  0x000000005a7ad800 JavaThread "Handler for socket connection from /127.0.0.1:49800 to /127.0.0.1:51964" [_thread_in_native, id=10896, stack(0x000000005bbe0000,0x000000005bce0000)]
  0x000000005a7a6800 JavaThread "Daemon Thread 14" [_thread_blocked, id=16044, stack(0x000000005b570000,0x000000005b670000)]
  0x000000005c6ed800 JavaThread "RMI Reaper" [_thread_blocked, id=16080, stack(0x0000000066da0000,0x0000000066ea0000)]
  0x000000005c6e8800 JavaThread "GC Daemon" daemon [_thread_blocked, id=11612, stack(0x00000000668c0000,0x00000000669c0000)]
  0x000000005a7a7800 JavaThread "RMI TCP Accept-0" daemon [_thread_in_native, id=10904, stack(0x00000000674c0000,0x00000000675c0000)]
  0x000000005a7a8000 JavaThread "RMI Scheduler(0)" daemon [_thread_blocked, id=10888, stack(0x0000000065d50000,0x0000000065e50000)]
  0x000000005f7a9800 JavaThread "Java2D Disposer" daemon [_thread_blocked, id=7464, stack(0x0000000066c30000,0x0000000066d30000)]
  0x000000005c6ef000 JavaThread "Memory manager" [_thread_blocked, id=8504, stack(0x0000000061630000,0x0000000061730000)]
  0x000000005c6ee000 JavaThread "pool-1-thread-1" [_thread_blocked, id=7404, stack(0x0000000061170000,0x0000000061270000)]
  0x0000000059efd800 JavaThread "File lock request listener" [_thread_in_native, id=10140, stack(0x000000005bfd0000,0x000000005c0d0000)]
  0x0000000059f02800 JavaThread "Cache worker for file hash cache (C:\Users\MotyhA\.gradle\caches\4.1\fileHashes)" [_thread_blocked, id=10224, stack(0x000000005bec0000,0x000000005bfc0000)]
  0x00000000599f6000 JavaThread "Daemon periodic checks" [_thread_blocked, id=8240, stack(0x000000005b410000,0x000000005b510000)]
  0x0000000059681000 JavaThread "Incoming local TCP Connector on port 49800" [_thread_in_native, id=9476, stack(0x000000005b2f0000,0x000000005b3f0000)]
  0x0000000057dd3800 JavaThread "Service Thread" daemon [_thread_blocked, id=8896, stack(0x00000000582c0000,0x00000000583c0000)]
  0x0000000057d5d800 JavaThread "C1 CompilerThread2" daemon [_thread_blocked, id=9272, stack(0x00000000581b0000,0x00000000582b0000)]
  0x0000000057d54800 JavaThread "C2 CompilerThread1" daemon [_thread_blocked, id=9712, stack(0x00000000578a0000,0x00000000579a0000)]
=>0x0000000056568000 JavaThread "C2 CompilerThread0" daemon [_thread_in_native, id=9964, stack(0x0000000057c50000,0x0000000057d50000)]
  0x0000000056564800 JavaThread "Attach Listener" daemon [_thread_blocked, id=8100, stack(0x0000000057a80000,0x0000000057b80000)]
  0x0000000056562800 JavaThread "Signal Dispatcher" daemon [_thread_blocked, id=5676, stack(0x00000000577a0000,0x00000000578a0000)]
  0x000000005654a800 JavaThread "Finalizer" daemon [_thread_blocked, id=5720, stack(0x00000000576a0000,0x00000000577a0000)]
  0x0000000056501000 JavaThread "Reference Handler" daemon [_thread_blocked, id=8152, stack(0x0000000057560000,0x0000000057660000)]
  0x000000000226e800 JavaThread "main" [_thread_blocked, id=8132, stack(0x0000000002320000,0x0000000002420000)]

Other Threads:
  0x00000000564f9800 VMThread [stack: 0x0000000057400000,0x0000000057500000] [id=8148]
  0x0000000057de4000 WatcherThread [stack: 0x0000000058590000,0x0000000058690000] [id=8604]

VM state:not at safepoint (normal execution)

VM Mutex/Monitor currently owned by a thread: None

Heap:
 PSYoungGen      total 425472K, used 146283K [0x00000000e0000000, 0x00000000fd800000, 0x0000000100000000)
  eden space 369152K, 36% used [0x00000000e0000000,0x00000000e851f3e0,0x00000000f6880000)
  from space 56320K, 17% used [0x00000000f9e80000,0x00000000fa83b938,0x00000000fd580000)
  to   space 55296K, 0% used [0x00000000f6880000,0x00000000f6880000,0x00000000f9e80000)
 ParOldGen       total 168960K, used 59617K [0x00000000a0000000, 0x00000000aa500000, 0x00000000e0000000)
  object space 168960K, 35% used [0x00000000a0000000,0x00000000a3a38728,0x00000000aa500000)
 Metaspace       used 93487K, capacity 100392K, committed 102744K, reserved 1138688K
  class space    used 11682K, capacity 13118K, committed 13696K, reserved 1048576K

Card table byte_map: [0x0000000011ab0000,0x0000000011dc0000] byte_map_base: 0x00000000115b0000

Marking Bits: (ParMarkBitMap*) 0x0000000062843950
 Begin Bits: [0x0000000012870000, 0x0000000014070000)
 End Bits:   [0x0000000014070000, 0x0000000015870000)

Polling page: 0x0000000000440000

CodeCache: size=245760Kb used=70633Kb max_used=70658Kb free=175126Kb
 bounds [0x00000000026f0000, 0x0000000006c90000, 0x00000000116f0000]
 total_blobs=20604 nmethods=19605 adapters=910
 compilation: enabled

Compilation events (10 events):
Event: 9357.941 Thread 0x0000000057d5d800 nmethod 25931 0x0000000004ec60d0 code [0x0000000004ec6240, 0x0000000004ec6598]
Event: 9357.970 Thread 0x0000000057d54800 25932       4       com.google.common.base.MoreObjects::firstNonNull (13 bytes)
Event: 9357.971 Thread 0x0000000057d54800 nmethod 25932 0x0000000004000510 code [0x0000000004000640, 0x0000000004000698]
Event: 9358.443 Thread 0x0000000056568000 25933       4       org.gradle.cache.internal.btree.FreeListBlockStore::flush (10 bytes)
Event: 9358.449 Thread 0x0000000056568000 nmethod 25933 0x0000000004fc0790 code [0x0000000004fc0940, 0x0000000004fc0d38]
Event: 9376.306 Thread 0x0000000057d54800 25934       4       com.android.builder.symbols.SymbolIo$AaptHandler$$Lambda$322/706705569::applyAsInt (8 bytes)
Event: 9376.309 Thread 0x0000000056568000 25935       4       com.google.common.collect.SparseImmutableTable::<init> (519 bytes)
Event: 9376.314 Thread 0x0000000057d54800 nmethod 25934 0x0000000005051a50 code [0x0000000005051be0, 0x00000000050520b8]
Event: 9376.374 Thread 0x0000000057d54800 25936       4       com.android.builder.symbols.SymbolIo$InOrderHandler::handle (33 bytes)
Event: 9376.383 Thread 0x0000000057d54800 nmethod 25936 0x000000000293dcd0 code [0x000000000293de40, 0x000000000293e2e8]

GC Heap History (10 events):
Event: 4376.611 GC heap before
{Heap before GC invocations=30 (full 5):
 PSYoungGen      total 409600K, used 362496K [0x00000000e0000000, 0x00000000fd100000, 0x0000000100000000)
  eden space 362496K, 100% used [0x00000000e0000000,0x00000000f6200000,0x00000000f6200000)
  from space 47104K, 0% used [0x00000000fa300000,0x00000000fa300000,0x00000000fd100000)
  to   space 56832K, 0% used [0x00000000f6200000,0x00000000f6200000,0x00000000f9980000)
 ParOldGen       total 168960K, used 72205K [0x00000000a0000000, 0x00000000aa500000, 0x00000000e0000000)
  object space 168960K, 42% used [0x00000000a0000000,0x00000000a4683648,0x00000000aa500000)
 Metaspace       used 94174K, capacity 100896K, committed 101592K, reserved 1136640K
  class space    used 11901K, capacity 13365K, committed 13568K, reserved 1048576K
Event: 4376.630 GC heap after
Heap after GC invocations=30 (full 5):
 PSYoungGen      total 419328K, used 6592K [0x00000000e0000000, 0x00000000fd980000, 0x0000000100000000)
  eden space 362496K, 0% used [0x00000000e0000000,0x00000000e0000000,0x00000000f6200000)
  from space 56832K, 11% used [0x00000000f6200000,0x00000000f6870060,0x00000000f9980000)
  to   space 56832K, 0% used [0x00000000fa200000,0x00000000fa200000,0x00000000fd980000)
 ParOldGen       total 168960K, used 72213K [0x00000000a0000000, 0x00000000aa500000, 0x00000000e0000000)
  object space 168960K, 42% used [0x00000000a0000000,0x00000000a4685648,0x00000000aa500000)
 Metaspace       used 94174K, capacity 100896K, committed 101592K, reserved 1136640K
  class space    used 11901K, capacity 13365K, committed 13568K, reserved 1048576K
}
Event: 4442.721 GC heap before
{Heap before GC invocations=31 (full 5):
 PSYoungGen      total 419328K, used 367641K [0x00000000e0000000, 0x00000000fd980000, 0x0000000100000000)
  eden space 362496K, 99% used [0x00000000e0000000,0x00000000f60966d0,0x00000000f6200000)
  from space 56832K, 11% used [0x00000000f6200000,0x00000000f6870060,0x00000000f9980000)
  to   space 56832K, 0% used [0x00000000fa200000,0x00000000fa200000,0x00000000fd980000)
 ParOldGen       total 168960K, used 72213K [0x00000000a0000000, 0x00000000aa500000, 0x00000000e0000000)
  object space 168960K, 42% used [0x00000000a0000000,0x00000000a4685648,0x00000000aa500000)
 Metaspace       used 94866K, capacity 102564K, committed 102744K, reserved 1138688K
  class space    used 12039K, capacity 13641K, committed 13696K, reserved 1048576K
Event: 4442.740 GC heap after
Heap after GC invocations=31 (full 5):
 PSYoungGen      total 421888K, used 31646K [0x00000000e0000000, 0x00000000fd680000, 0x0000000100000000)
  eden space 368128K, 0% used [0x00000000e0000000,0x00000000e0000000,0x00000000f6780000)
  from space 53760K, 58% used [0x00000000fa200000,0x00000000fc0e7a98,0x00000000fd680000)
  to   space 56832K, 0% used [0x00000000f6780000,0x00000000f6780000,0x00000000f9f00000)
 ParOldGen       total 168960K, used 72221K [0x00000000a0000000, 0x00000000aa500000, 0x00000000e0000000)
  object space 168960K, 42% used [0x00000000a0000000,0x00000000a4687648,0x00000000aa500000)
 Metaspace       used 94866K, capacity 102564K, committed 102744K, reserved 1138688K
  class space    used 12039K, capacity 13641K, committed 13696K, reserved 1048576K
}
Event: 7795.289 GC heap before
{Heap before GC invocations=32 (full 5):
 PSYoungGen      total 421888K, used 142274K [0x00000000e0000000, 0x00000000fd680000, 0x0000000100000000)
  eden space 368128K, 30% used [0x00000000e0000000,0x00000000e6c08d90,0x00000000f6780000)
  from space 53760K, 58% used [0x00000000fa200000,0x00000000fc0e7a98,0x00000000fd680000)
  to   space 56832K, 0% used [0x00000000f6780000,0x00000000f6780000,0x00000000f9f00000)
 ParOldGen       total 168960K, used 72221K [0x00000000a0000000, 0x00000000aa500000, 0x00000000e0000000)
  object space 168960K, 42% used [0x00000000a0000000,0x00000000a4687648,0x00000000aa500000)
 Metaspace       used 94918K, capacity 102574K, committed 102744K, reserved 1138688K
  class space    used 12039K, capacity 13642K, committed 13696K, reserved 1048576K
Event: 7795.326 GC heap after
Heap after GC invocations=32 (full 5):
 PSYoungGen      total 374784K, used 6414K [0x00000000e0000000, 0x00000000fd580000, 0x0000000100000000)
  eden space 368128K, 0% used [0x00000000e0000000,0x00000000e0000000,0x00000000f6780000)
  from space 6656K, 96% used [0x00000000f6780000,0x00000000f6dc3848,0x00000000f6e00000)
  to   space 56320K, 0% used [0x00000000f9e80000,0x00000000f9e80000,0x00000000fd580000)
 ParOldGen       total 168960K, used 72229K [0x00000000a0000000, 0x00000000aa500000, 0x00000000e0000000)
  object space 168960K, 42% used [0x00000000a0000000,0x00000000a4689648,0x00000000aa500000)
 Metaspace       used 94918K, capacity 102574K, committed 102744K, reserved 1138688K
  class space    used 12039K, capacity 13642K, committed 13696K, reserved 1048576K
}
Event: 7795.326 GC heap before
{Heap before GC invocations=33 (full 6):
 PSYoungGen      total 374784K, used 6414K [0x00000000e0000000, 0x00000000fd580000, 0x0000000100000000)
  eden space 368128K, 0% used [0x00000000e0000000,0x00000000e0000000,0x00000000f6780000)
  from space 6656K, 96% used [0x00000000f6780000,0x00000000f6dc3848,0x00000000f6e00000)
  to   space 56320K, 0% used [0x00000000f9e80000,0x00000000f9e80000,0x00000000fd580000)
 ParOldGen       total 168960K, used 72229K [0x00000000a0000000, 0x00000000aa500000, 0x00000000e0000000)
  object space 168960K, 42% used [0x00000000a0000000,0x00000000a4689648,0x00000000aa500000)
 Metaspace       used 94918K, capacity 102574K, committed 102744K, reserved 1138688K
  class space    used 12039K, capacity 13642K, committed 13696K, reserved 1048576K
Event: 7797.391 GC heap after
Heap after GC invocations=33 (full 6):
 PSYoungGen      total 374784K, used 0K [0x00000000e0000000, 0x00000000fd580000, 0x0000000100000000)
  eden space 368128K, 0% used [0x00000000e0000000,0x00000000e0000000,0x00000000f6780000)
  from space 6656K, 0% used [0x00000000f6780000,0x00000000f6780000,0x00000000f6e00000)
  to   space 56320K, 0% used [0x00000000f9e80000,0x00000000f9e80000,0x00000000fd580000)
 ParOldGen       total 168960K, used 59617K [0x00000000a0000000, 0x00000000aa500000, 0x00000000e0000000)
  object space 168960K, 35% used [0x00000000a0000000,0x00000000a3a38728,0x00000000aa500000)
 Metaspace       used 92438K, capacity 98600K, committed 102744K, reserved 1138688K
  class space    used 11544K, capacity 12828K, committed 13696K, reserved 1048576K
}
Event: 9075.094 GC heap before
{Heap before GC invocations=34 (full 6):
 PSYoungGen      total 374784K, used 368128K [0x00000000e0000000, 0x00000000fd580000, 0x0000000100000000)
  eden space 368128K, 100% used [0x00000000e0000000,0x00000000f6780000,0x00000000f6780000)
  from space 6656K, 0% used [0x00000000f6780000,0x00000000f6780000,0x00000000f6e00000)
  to   space 56320K, 0% used [0x00000000f9e80000,0x00000000f9e80000,0x00000000fd580000)
 ParOldGen       total 168960K, used 59617K [0x00000000a0000000, 0x00000000aa500000, 0x00000000e0000000)
  object space 168960K, 35% used [0x00000000a0000000,0x00000000a3a38728,0x00000000aa500000)
 Metaspace       used 93256K, capacity 99874K, committed 102744K, reserved 1138688K
  class space    used 11647K, capacity 13033K, committed 13696K, reserved 1048576K
Event: 9075.108 GC heap after
Heap after GC invocations=34 (full 6):
 PSYoungGen      total 425472K, used 9966K [0x00000000e0000000, 0x00000000fd800000, 0x0000000100000000)
  eden space 369152K, 0% used [0x00000000e0000000,0x00000000e0000000,0x00000000f6880000)
  from space 56320K, 17% used [0x00000000f9e80000,0x00000000fa83b938,0x00000000fd580000)
  to   space 55296K, 0% used [0x00000000f6880000,0x00000000f6880000,0x00000000f9e80000)
 ParOldGen       total 168960K, used 59617K [0x00000000a0000000, 0x00000000aa500000, 0x00000000e0000000)
  object space 168960K, 35% used [0x00000000a0000000,0x00000000a3a38728,0x00000000aa500000)
 Metaspace       used 93256K, capacity 99874K, committed 102744K, reserved 1138688K
  class space    used 11647K, capacity 13033K, committed 13696K, reserved 1048576K
}

Deoptimization events (10 events):
Event: 9017.623 Thread 0x000000005a7ad800 Uncommon trap: reason=unstable_if action=reinterpret pc=0x0000000006208c54 method=java.lang.ref.SoftReference.get()Ljava/lang/Object; @ 6
Event: 9017.623 Thread 0x000000005a7ad800 Uncommon trap: reason=unstable_if action=reinterpret pc=0x0000000004bd49d0 method=java.lang.ref.SoftReference.get()Ljava/lang/Object; @ 6
Event: 9019.679 Thread 0x000000005a7ad800 Uncommon trap: reason=array_check action=maybe_recompile pc=0x0000000004f0fb88 method=java.util.ComparableTimSort.mergeHi(IIII)V @ 101
Event: 9019.679 Thread 0x000000005a7ad800 Uncommon trap: reason=array_check action=maybe_recompile pc=0x0000000005652e70 method=java.util.ComparableTimSort.mergeHi(IIII)V @ 277
Event: 9019.693 Thread 0x000000005a7ad800 Uncommon trap: reason=array_check action=maybe_recompile pc=0x00000000056b7278 method=java.util.ComparableTimSort.mergeLo(IIII)V @ 81
Event: 9019.697 Thread 0x000000005a7ad800 Uncommon trap: reason=array_check action=maybe_recompile pc=0x00000000056b7278 method=java.util.ComparableTimSort.mergeLo(IIII)V @ 81
Event: 9024.311 Thread 0x000000005c6eb000 Uncommon trap: reason=unstable_if action=reinterpret pc=0x00000000058dace8 method=java.lang.ref.SoftReference.get()Ljava/lang/Object; @ 6
Event: 9026.246 Thread 0x000000005c6eb000 Uncommon trap: reason=unstable_if action=reinterpret pc=0x0000000003c31860 method=kotlin.reflect.jvm.internal.ReflectProperties$LazyVal.invoke()Ljava/lang/Object; @ 6
Event: 9026.247 Thread 0x000000005c6eb000 Uncommon trap: reason=unstable_if action=reinterpret pc=0x0000000003aa2df0 method=kotlin.reflect.jvm.internal.ReflectProperties$LazyVal.invoke()Ljava/lang/Object; @ 6
Event: 9074.350 Thread 0x000000005a7ad800 Uncommon trap: reason=unstable_if action=reinterpret pc=0x0000000003626944 method=java.util.Arrays.equals([Ljava/lang/Object;[Ljava/lang/Object;)Z @ 12

Classes redefined (0 events):
No events

Internal exceptions (10 events):
Event: 9340.841 Thread 0x000000005a7a9800 Exception <a 'sun/nio/fs/WindowsException'> (0x00000000e3be5e20) thrown at [D:\src\AOSP-openjdk-cygwin\jdk8u\hotspot\src\share\vm\prims\jni.cpp, line 709]
Event: 9340.841 Thread 0x000000005a7a9800 Exception <a 'sun/nio/fs/WindowsException'> (0x00000000e3be69d8) thrown at [D:\src\AOSP-openjdk-cygwin\jdk8u\hotspot\src\share\vm\prims\jni.cpp, line 709]
Event: 9340.841 Thread 0x000000005a7a9800 Exception <a 'sun/nio/fs/WindowsException'> (0x00000000e3be93a0) thrown at [D:\src\AOSP-openjdk-cygwin\jdk8u\hotspot\src\share\vm\prims\jni.cpp, line 709]
Event: 9340.841 Thread 0x000000005a7a9800 Exception <a 'sun/nio/fs/WindowsException'> (0x00000000e3be9f88) thrown at [D:\src\AOSP-openjdk-cygwin\jdk8u\hotspot\src\share\vm\prims\jni.cpp, line 709]
Event: 9340.841 Thread 0x000000005a7a9800 Exception <a 'sun/nio/fs/WindowsException'> (0x00000000e3bebba0) thrown at [D:\src\AOSP-openjdk-cygwin\jdk8u\hotspot\src\share\vm\prims\jni.cpp, line 709]
Event: 9340.841 Thread 0x000000005a7a9800 Exception <a 'sun/nio/fs/WindowsException'> (0x00000000e3bec810) thrown at [D:\src\AOSP-openjdk-cygwin\jdk8u\hotspot\src\share\vm\prims\jni.cpp, line 709]
Event: 9340.841 Thread 0x000000005a7a9800 Exception <a 'sun/nio/fs/WindowsException'> (0x00000000e3bef3a8) thrown at [D:\src\AOSP-openjdk-cygwin\jdk8u\hotspot\src\share\vm\prims\jni.cpp, line 709]
Event: 9340.841 Thread 0x000000005a7a9800 Exception <a 'sun/nio/fs/WindowsException'> (0x00000000e3bf0008) thrown at [D:\src\AOSP-openjdk-cygwin\jdk8u\hotspot\src\share\vm\prims\jni.cpp, line 709]
Event: 9340.842 Thread 0x000000005a7a9800 Exception <a 'sun/nio/fs/WindowsException'> (0x00000000e3bf1c98) thrown at [D:\src\AOSP-openjdk-cygwin\jdk8u\hotspot\src\share\vm\prims\jni.cpp, line 709]
Event: 9340.842 Thread 0x000000005a7a9800 Exception <a 'sun/nio/fs/WindowsException'> (0x00000000e3bf2938) thrown at [D:\src\AOSP-openjdk-cygwin\jdk8u\hotspot\src\share\vm\prims\jni.cpp, line 709]

Events (10 events):
Event: 9358.363 Thread 0x000000005c6f6800 Thread added: 0x000000005c6f6800
Event: 9358.365 Thread 0x000000005c6f0800 Thread added: 0x000000005c6f0800
Event: 9358.365 Thread 0x000000005c6eb000 Thread added: 0x000000005c6eb000
Event: 9358.365 Thread 0x000000005c6ef800 Thread added: 0x000000005c6ef800
Event: 9358.365 Thread 0x000000005c6f2800 Thread added: 0x000000005c6f2800
Event: 9358.953 Executing VM operation: RevokeBias
Event: 9358.953 Executing VM operation: RevokeBias done
Event: 9376.304 Thread 0x000000005c6e8000 Thread added: 0x000000005c6e8000
Event: 9376.307 Thread 0x000000005f7af800 DEOPT PACKING pc=0x000000000449cf19 sp=0x000000006673cbd0
Event: 9376.307 Thread 0x000000005f7af800 DEOPT UNPACKING pc=0x00000000027375bf sp=0x000000006673ca40 mode 0


Dynamic libraries:
0x000000013f330000 - 0x000000013f361000 	C:\Program Files\Android\Android Studio\jre\bin\java.exe
0x0000000076e50000 - 0x0000000076ff9000 	C:\Windows\SYSTEM32\ntdll.dll
0x0000000076d30000 - 0x0000000076e4f000 	C:\Windows\system32\kernel32.dll
0x000007fefcc20000 - 0x000007fefcc8c000 	C:\Windows\system32\KERNELBASE.dll
0x000007fefec80000 - 0x000007fefed5b000 	C:\Windows\system32\ADVAPI32.dll
0x000007fefe680000 - 0x000007fefe71f000 	C:\Windows\system32\msvcrt.dll
0x000007fefe2e0000 - 0x000007fefe2ff000 	C:\Windows\SYSTEM32\sechost.dll
0x000007fefdd70000 - 0x000007fefde9d000 	C:\Windows\system32\RPCRT4.dll
0x0000000076c30000 - 0x0000000076d2a000 	C:\Windows\system32\USER32.dll
0x000007fefec00000 - 0x000007fefec67000 	C:\Windows\system32\GDI32.dll
0x000007fefec70000 - 0x000007fefec7e000 	C:\Windows\system32\LPK.dll
0x000007fefe9f0000 - 0x000007fefeab9000 	C:\Windows\system32\USP10.dll
0x000007fefb1c0000 - 0x000007fefb3b4000 	C:\Windows\WinSxS\amd64_microsoft.windows.common-controls_6595b64144ccf1df_6.0.7601.18837_none_fa3b1e3d17594757\COMCTL32.dll
0x000007fefe510000 - 0x000007fefe581000 	C:\Windows\system32\SHLWAPI.dll
0x000007fefed60000 - 0x000007fefed8e000 	C:\Windows\system32\IMM32.DLL
0x000007feff050000 - 0x000007feff159000 	C:\Windows\system32\MSCTF.dll
0x00000000628c0000 - 0x0000000062992000 	C:\Program Files\Android\Android Studio\jre\jre\bin\msvcr100.dll
0x0000000062080000 - 0x00000000628be000 	C:\Program Files\Android\Android Studio\jre\jre\bin\server\jvm.dll
0x000007fef7a90000 - 0x000007fef7a99000 	C:\Windows\system32\WSOCK32.dll
0x000007fefe630000 - 0x000007fefe67d000 	C:\Windows\system32\WS2_32.dll
0x000007feff040000 - 0x000007feff048000 	C:\Windows\system32\NSI.dll
0x000007fefb0c0000 - 0x000007fefb0fb000 	C:\Windows\system32\WINMM.dll
0x000007fefbc10000 - 0x000007fefbc1c000 	C:\Windows\system32\VERSION.dll
0x0000000077020000 - 0x0000000077027000 	C:\Windows\system32\PSAPI.DLL
0x000007fef8330000 - 0x000007fef833f000 	C:\Program Files\Android\Android Studio\jre\jre\bin\verify.dll
0x000007fef8300000 - 0x000007fef8329000 	C:\Program Files\Android\Android Studio\jre\jre\bin\java.dll
0x000007fef74e0000 - 0x000007fef74f6000 	C:\Program Files\Android\Android Studio\jre\jre\bin\zip.dll
0x000007fefcfe0000 - 0x000007fefdd69000 	C:\Windows\system32\SHELL32.dll
0x000007fefe300000 - 0x000007fefe503000 	C:\Windows\system32\ole32.dll
0x000007fefcc00000 - 0x000007fefcc0f000 	C:\Windows\system32\profapi.dll
0x000007fef7b20000 - 0x000007fef7b3a000 	C:\Program Files\Android\Android Studio\jre\jre\bin\net.dll
0x000007fefc3a0000 - 0x000007fefc3f5000 	C:\Windows\system32\mswsock.dll
0x000007fefc390000 - 0x000007fefc397000 	C:\Windows\System32\wship6.dll
0x000007fef74a0000 - 0x000007fef74b1000 	C:\Program Files\Android\Android Studio\jre\jre\bin\nio.dll
0x000007fef4e10000 - 0x000007fef4e2e000 	C:\Users\MotyhA\.gradle\native\25\windows-amd64\native-platform.dll
0x000007fef8340000 - 0x000007fef834d000 	C:\Program Files\Android\Android Studio\jre\jre\bin\management.dll
0x000007fefc400000 - 0x000007fefc418000 	C:\Windows\system32\CRYPTSP.dll
0x000007fefc160000 - 0x000007fefc1a7000 	C:\Windows\system32\rsaenh.dll
0x000007fefcdf0000 - 0x000007fefce0e000 	C:\Windows\system32\USERENV.dll
0x000007fefca00000 - 0x000007fefca0f000 	C:\Windows\system32\CRYPTBASE.dll
0x000007fefad80000 - 0x000007fefada7000 	C:\Windows\system32\IPHLPAPI.DLL
0x000007fefad30000 - 0x000007fefad3b000 	C:\Windows\system32\WINNSI.DLL
0x000007fefa770000 - 0x000007fefa781000 	C:\Windows\system32\dhcpcsvc6.DLL
0x000007fefa680000 - 0x000007fefa698000 	C:\Windows\system32\dhcpcsvc.DLL
0x000007fefcab0000 - 0x000007fefcb07000 	C:\Windows\system32\apphelp.dll
0x000007fef23c0000 - 0x000007fef2555000 	C:\Program Files\Android\Android Studio\jre\jre\bin\awt.dll
0x000007fefeac0000 - 0x000007fefeb97000 	C:\Windows\system32\OLEAUT32.dll
0x000007fee7000000 - 0x000007fee73c4000 	C:\Windows\system32\d2d1.dll
0x000007fefbdf0000 - 0x000007fefbe08000 	C:\Windows\system32\DWMAPI.DLL
0x000007fef4a20000 - 0x000007fef4a3e000 	C:\Users\MotyhA\AppData\Local\Temp\native-platform7127380966860783277dir\native-platform.dll

VM Arguments:
jvm_args: -Xmx1536m -Dfile.encoding=windows-1251 -Duser.country=RU -Duser.language=ru -Duser.variant 
java_command: org.gradle.launcher.daemon.bootstrap.GradleDaemon 4.1
java_class_path (initial): C:\Users\MotyhA\.gradle\wrapper\dists\gradle-4.1-all\bzyivzo6n839fup2jbap0tjew\gradle-4.1\lib\gradle-launcher-4.1.jar
Launcher Type: SUN_STANDARD

Environment Variables:
PATH=C:\ProgramData\Oracle\Java\javapath;C:\Program Files (x86)\NVIDIA Corporation\PhysX\Common;C:\Program Files\Common Files\Microsoft Shared\Windows Live;C:\Program Files (x86)\Common Files\Microsoft Shared\Windows Live;C:\Windows\system32;C:\Windows;C:\Windows\System32\Wbem;C:\Windows\System32\WindowsPowerShell\v1.0\;C:\Program Files (x86)\Windows Live\Shared;C:\Program Files\Microsoft SQL Server\110\Tools\Binn\;C:\Program Files\Microsoft\Web Platform Installer\;C:\Program Files (x86)\Microsoft ASP.NET\ASP.NET Web Pages\v1.0\;C:\Windows\system32\config\systemprofile\.dnx\bin;C:\Program Files\Microsoft DNX\Dnvm\;D:\runtime\win64;D:\bin;C:\Program Files (x86)\Windows Kits\8.1\Windows Performance Toolkit\;C:\Program Files\Microsoft SQL Server\120\Tools\Binn\;C:\Program Files (x86)\Microsoft SQL Server\90\Tools\binn\;C:\Program Files (x86)\Skype\Phone\;C:\Users\MotyhA\AppData\Local\Programs\Python\Python35\Scripts\;C:\Users\MotyhA\AppData\Local\Programs\Python\Python35\;C:\Program Files (x86)\Nmap;C:\SQLite3;C:\Program Files\Java\jdk-9\bin
USERNAME=MotyhA
OS=Windows_NT
PROCESSOR_IDENTIFIER=Intel64 Family 6 Model 42 Stepping 7, GenuineIntel



---------------  S Y S T E M  ---------------

OS: Windows 7 , 64 bit Build 7601 (6.1.7601.18939)

CPU:total 4 (initial active 4) (2 cores per cpu, 2 threads per core) family 6 model 42 stepping 7, cmov, cx8, fxsr, mmx, sse, sse2, sse3, ssse3, sse4.1, sse4.2, popcnt, avx, aes, clmul, ht, tsc, tscinvbit

Memory: 4k page, physical 6199356k(761796k free), swap 8261900k(4984k free)

vm_info: OpenJDK 64-Bit Server VM (25.152-b01) for windows-amd64 JRE (1.8.0_152-release-915-b01), built by "builder" with MS VC++ 10.0 (VS2010)

time: Sun Nov 26 21:58:58 2017
elapsed time: 9376 seconds (0d 2h 36m 16s)

